<?xml version="1.0" encoding="UTF-8"?>
<testng-results ignored="0" total="1" passed="1" failed="0" skipped="0">
  <reporter-output>
  </reporter-output>
  <suite started-at="2023-01-17T18:49:51 IST" name="Default suite" finished-at="2023-01-17T18:49:51 IST" duration-ms="65">
    <groups>
    </groups>
    <test started-at="2023-01-17T18:49:51 IST" name="Default test" finished-at="2023-01-17T18:49:51 IST" duration-ms="65">
      <class name="demo.CreateOrgTest">
        <test-method signature="Test1()[pri:0, instance:demo.CreateOrgTest@419c5f1a]" started-at="2023-01-17T18:49:51 IST" name="Test1" finished-at="2023-01-17T18:49:51 IST" duration-ms="12" status="PASS">
          <reporter-output>
          </reporter-output>
        </test-method> <!-- Test1 -->
      </class> <!-- demo.CreateOrgTest -->
    </test> <!-- Default test -->
  </suite> <!-- Default suite -->
</testng-results>
